# JRE version: OpenJDK Runtime Environment GraalVM CE 22.3.0 (17.0.5+8) (build 17.0.5+8-jvmci-22.3-b08)
# Java VM: OpenJDK 64-Bit Server VM GraalVM CE 22.3.0 (17.0.5+8-jvmci-22.3-b08, mixed mode, sharing, tiered, jvmci, jvmci compiler, compressed oops, compressed class ptrs, parallel gc, linux-amd64)
GC Precious Log:
 CPUs: 8 total, 1 available
 Memory: 1024M
 Large Page Support: Disabled
 NUMA Support: Disabled
 Compressed Oops: Enabled (32-bit)
 Alignments: Space 512K, Generation 512K, Heap 2M
 Heap Min Capacity: 100M
 Heap Initial Capacity: 100M
 Heap Max Capacity: 512M
 Pre-touch: Disabled
 Parallel Workers: 1
Heap:
 PSYoungGen      total 60928K, used 44543K [0x00000000f5580000, 0x00000000fa200000, 0x0000000100000000)
  eden space 44544K, 99% used [0x00000000f5580000,0x00000000f80ffff0,0x00000000f8100000)
  from space 16384K, 0% used [0x00000000f9100000,0x00000000f9100000,0x00000000fa100000)
  to   space 16384K, 0% used [0x00000000f8100000,0x00000000f8100000,0x00000000f9100000)
 ParOldGen       total 349696K, used 349695K [0x00000000e0000000, 0x00000000f5580000, 0x00000000f5580000)
  object space 349696K, 99% used [0x00000000e0000000,0x00000000f557fd50,0x00000000f5580000)
 Metaspace       used 61457K, committed 62656K, reserved 1105920K
  class space    used 6134K, committed 6592K, reserved 1048576K
GC Heap History (20 events):
Event: 1150.465 GC heap before
{Heap before GC invocations=889 (full 724):
 PSYoungGen      total 60928K, used 44543K [0x00000000f5580000, 0x00000000fa200000, 0x0000000100000000)
  eden space 44544K, 99% used [0x00000000f5580000,0x00000000f80ffff0,0x00000000f8100000)
  from space 16384K, 0% used [0x00000000f9100000,0x00000000f9100000,0x00000000fa100000)
  to   space 16384K, 0% used [0x00000000f8100000,0x00000000f8100000,0x00000000f9100000)
 ParOldGen       total 349696K, used 349695K [0x00000000e0000000, 0x00000000f5580000, 0x00000000f5580000)
  object space 349696K, 99% used [0x00000000e0000000,0x00000000f557fe20,0x00000000f5580000)
 Metaspace       used 61457K, committed 62656K, reserved 1105920K
  class space    used 6134K, committed 6592K, reserved 1048576K
}
Event: 1152.045 GC heap after
{Heap after GC invocations=889 (full 724):
 PSYoungGen      total 60928K, used 44543K [0x00000000f5580000, 0x00000000fa200000, 0x0000000100000000)
  eden space 44544K, 99% used [0x00000000f5580000,0x00000000f80fffe0,0x00000000f8100000)
  from space 16384K, 0% used [0x00000000f8100000,0x00000000f8100000,0x00000000f9100000)
  to   space 16384K, 0% used [0x00000000f9100000,0x00000000f9100000,0x00000000fa100000)
 ParOldGen       total 349696K, used 349695K [0x00000000e0000000, 0x00000000f5580000, 0x00000000f5580000)
  object space 349696K, 99% used [0x00000000e0000000,0x00000000f557fe10,0x00000000f5580000)
 Metaspace       used 61457K, committed 62656K, reserved 1105920K
  class space    used 6134K, committed 6592K, reserved 1048576K
}
Event: 1152.046 GC heap before
{Heap before GC invocations=890 (full 725):
 PSYoungGen      total 60928K, used 44543K [0x00000000f5580000, 0x00000000fa200000, 0x0000000100000000)
  eden space 44544K, 99% used [0x00000000f5580000,0x00000000f80ffff8,0x00000000f8100000)
  from space 16384K, 0% used [0x00000000f8100000,0x00000000f8100000,0x00000000f9100000)
  to   space 16384K, 0% used [0x00000000f9100000,0x00000000f9100000,0x00000000fa100000)
 ParOldGen       total 349696K, used 349695K [0x00000000e0000000, 0x00000000f5580000, 0x00000000f5580000)
  object space 349696K, 99% used [0x00000000e0000000,0x00000000f557fff8,0x00000000f5580000)
 Metaspace       used 61457K, committed 62656K, reserved 1105920K
  class space    used 6134K, committed 6592K, reserved 1048576K
}
Event: 1153.863 GC heap after
{Heap after GC invocations=890 (full 725):
 PSYoungGen      total 60928K, used 44543K [0x00000000f5580000, 0x00000000fa200000, 0x0000000100000000)
  eden space 44544K, 99% used [0x00000000f5580000,0x00000000f80ffff8,0x00000000f8100000)
  from space 16384K, 0% used [0x00000000f9100000,0x00000000f9100000,0x00000000fa100000)
  to   space 16384K, 0% used [0x00000000f8100000,0x00000000f8100000,0x00000000f9100000)
 ParOldGen       total 349696K, used 349695K [0x00000000e0000000, 0x00000000f5580000, 0x00000000f5580000)
  object space 349696K, 99% used [0x00000000e0000000,0x00000000f557ff88,0x00000000f5580000)
 Metaspace       used 61457K, committed 62656K, reserved 1105920K
  class space    used 6134K, committed 6592K, reserved 1048576K
}
Event: 1153.865 GC heap before
{Heap before GC invocations=891 (full 726):
 PSYoungGen      total 60928K, used 44543K [0x00000000f5580000, 0x00000000fa200000, 0x0000000100000000)
  eden space 44544K, 99% used [0x00000000f5580000,0x00000000f80ffff8,0x00000000f8100000)
  from space 16384K, 0% used [0x00000000f9100000,0x00000000f9100000,0x00000000fa100000)
  to   space 16384K, 0% used [0x00000000f8100000,0x00000000f8100000,0x00000000f9100000)
 ParOldGen       total 349696K, used 349695K [0x00000000e0000000, 0x00000000f5580000, 0x00000000f5580000)
  object space 349696K, 99% used [0x00000000e0000000,0x00000000f557ffe0,0x00000000f5580000)
 Metaspace       used 61457K, committed 62656K, reserved 1105920K
  class space    used 6134K, committed 6592K, reserved 1048576K
}
Event: 1155.565 GC heap after
{Heap after GC invocations=891 (full 726):
 PSYoungGen      total 60928K, used 44543K [0x00000000f5580000, 0x00000000fa200000, 0x0000000100000000)
  eden space 44544K, 99% used [0x00000000f5580000,0x00000000f80ffff8,0x00000000f8100000)
  from space 16384K, 0% used [0x00000000f8100000,0x00000000f8100000,0x00000000f9100000)
  to   space 16384K, 0% used [0x00000000f9100000,0x00000000f9100000,0x00000000fa100000)
 ParOldGen       total 349696K, used 349695K [0x00000000e0000000, 0x00000000f5580000, 0x00000000f5580000)
  object space 349696K, 99% used [0x00000000e0000000,0x00000000f557ff88,0x00000000f5580000)
 Metaspace       used 61457K, committed 62656K, reserved 1105920K
  class space    used 6134K, committed 6592K, reserved 1048576K
}
Event: 1155.565 GC heap before
{Heap before GC invocations=892 (full 727):
 PSYoungGen      total 60928K, used 44543K [0x00000000f5580000, 0x00000000fa200000, 0x0000000100000000)
  eden space 44544K, 99% used [0x00000000f5580000,0x00000000f80ffff8,0x00000000f8100000)
  from space 16384K, 0% used [0x00000000f8100000,0x00000000f8100000,0x00000000f9100000)
  to   space 16384K, 0% used [0x00000000f9100000,0x00000000f9100000,0x00000000fa100000)
 ParOldGen       total 349696K, used 349695K [0x00000000e0000000, 0x00000000f5580000, 0x00000000f5580000)
  object space 349696K, 99% used [0x00000000e0000000,0x00000000f557fff0,0x00000000f5580000)
 Metaspace       used 61457K, committed 62656K, reserved 1105920K
  class space    used 6134K, committed 6592K, reserved 1048576K
}
Event: 1157.169 GC heap after
{Heap after GC invocations=892 (full 727):
 PSYoungGen      total 60928K, used 44543K [0x00000000f5580000, 0x00000000fa200000, 0x0000000100000000)
  eden space 44544K, 99% used [0x00000000f5580000,0x00000000f80ffff8,0x00000000f8100000)
  from space 16384K, 0% used [0x00000000f9100000,0x00000000f9100000,0x00000000fa100000)
  to   space 16384K, 0% used [0x00000000f8100000,0x00000000f8100000,0x00000000f9100000)
 ParOldGen       total 349696K, used 349695K [0x00000000e0000000, 0x00000000f5580000, 0x00000000f5580000)
  object space 349696K, 99% used [0x00000000e0000000,0x00000000f557ffb8,0x00000000f5580000)
 Metaspace       used 61457K, committed 62656K, reserved 1105920K
  class space    used 6134K, committed 6592K, reserved 1048576K
}
Event: 1157.175 GC heap before
{Heap before GC invocations=893 (full 728):
 PSYoungGen      total 60928K, used 44543K [0x00000000f5580000, 0x00000000fa200000, 0x0000000100000000)
  eden space 44544K, 99% used [0x00000000f5580000,0x00000000f80ffff8,0x00000000f8100000)
  from space 16384K, 0% used [0x00000000f9100000,0x00000000f9100000,0x00000000fa100000)
  to   space 16384K, 0% used [0x00000000f8100000,0x00000000f8100000,0x00000000f9100000)
 ParOldGen       total 349696K, used 349695K [0x00000000e0000000, 0x00000000f5580000, 0x00000000f5580000)
  object space 349696K, 99% used [0x00000000e0000000,0x00000000f557ffe8,0x00000000f5580000)
 Metaspace       used 61457K, committed 62656K, reserved 1105920K
  class space    used 6134K, committed 6592K, reserved 1048576K
}
Event: 1158.665 GC heap after
{Heap after GC invocations=893 (full 728):
 PSYoungGen      total 60928K, used 44543K [0x00000000f5580000, 0x00000000fa200000, 0x0000000100000000)
  eden space 44544K, 99% used [0x00000000f5580000,0x00000000f80ffff8,0x00000000f8100000)
  from space 16384K, 0% used [0x00000000f8100000,0x00000000f8100000,0x00000000f9100000)
  to   space 16384K, 0% used [0x00000000f9100000,0x00000000f9100000,0x00000000fa100000)
 ParOldGen       total 349696K, used 349695K [0x00000000e0000000, 0x00000000f5580000, 0x00000000f5580000)
  object space 349696K, 99% used [0x00000000e0000000,0x00000000f557ffe8,0x00000000f5580000)
 Metaspace       used 61457K, committed 62656K, reserved 1105920K
  class space    used 6134K, committed 6592K, reserved 1048576K
}
Event: 1158.665 GC heap before
{Heap before GC invocations=894 (full 729):
 PSYoungGen      total 60928K, used 44543K [0x00000000f5580000, 0x00000000fa200000, 0x0000000100000000)
  eden space 44544K, 99% used [0x00000000f5580000,0x00000000f80ffff8,0x00000000f8100000)
  from space 16384K, 0% used [0x00000000f8100000,0x00000000f8100000,0x00000000f9100000)
  to   space 16384K, 0% used [0x00000000f9100000,0x00000000f9100000,0x00000000fa100000)
 ParOldGen       total 349696K, used 349695K [0x00000000e0000000, 0x00000000f5580000, 0x00000000f5580000)
  object space 349696K, 99% used [0x00000000e0000000,0x00000000f557ffe8,0x00000000f5580000)
 Metaspace       used 61457K, committed 62656K, reserved 1105920K
  class space    used 6134K, committed 6592K, reserved 1048576K
}
Event: 1160.129 GC heap after
{Heap after GC invocations=894 (full 729):
 PSYoungGen      total 60928K, used 44543K [0x00000000f5580000, 0x00000000fa200000, 0x0000000100000000)
  eden space 44544K, 99% used [0x00000000f5580000,0x00000000f80ffff8,0x00000000f8100000)
  from space 16384K, 0% used [0x00000000f9100000,0x00000000f9100000,0x00000000fa100000)
  to   space 16384K, 0% used [0x00000000f8100000,0x00000000f8100000,0x00000000f9100000)
 ParOldGen       total 349696K, used 349695K [0x00000000e0000000, 0x00000000f5580000, 0x00000000f5580000)
  object space 349696K, 99% used [0x00000000e0000000,0x00000000f557ffe8,0x00000000f5580000)
 Metaspace       used 61457K, committed 62656K, reserved 1105920K
  class space    used 6134K, committed 6592K, reserved 1048576K
}
Event: 1160.129 GC heap before
{Heap before GC invocations=895 (full 730):
 PSYoungGen      total 60928K, used 44543K [0x00000000f5580000, 0x00000000fa200000, 0x0000000100000000)
  eden space 44544K, 99% used [0x00000000f5580000,0x00000000f80ffff8,0x00000000f8100000)
  from space 16384K, 0% used [0x00000000f9100000,0x00000000f9100000,0x00000000fa100000)
  to   space 16384K, 0% used [0x00000000f8100000,0x00000000f8100000,0x00000000f9100000)
 ParOldGen       total 349696K, used 349695K [0x00000000e0000000, 0x00000000f5580000, 0x00000000f5580000)
  object space 349696K, 99% used [0x00000000e0000000,0x00000000f557ffe8,0x00000000f5580000)
 Metaspace       used 61457K, committed 62656K, reserved 1105920K
  class space    used 6134K, committed 6592K, reserved 1048576K
}
Event: 1161.761 GC heap after
{Heap after GC invocations=895 (full 730):
 PSYoungGen      total 60928K, used 44543K [0x00000000f5580000, 0x00000000fa200000, 0x0000000100000000)
  eden space 44544K, 99% used [0x00000000f5580000,0x00000000f80fffd8,0x00000000f8100000)
  from space 16384K, 0% used [0x00000000f8100000,0x00000000f8100000,0x00000000f9100000)
  to   space 16384K, 0% used [0x00000000f9100000,0x00000000f9100000,0x00000000fa100000)
 ParOldGen       total 349696K, used 349695K [0x00000000e0000000, 0x00000000f5580000, 0x00000000f5580000)
  object space 349696K, 99% used [0x00000000e0000000,0x00000000f557fc58,0x00000000f5580000)
 Metaspace       used 61457K, committed 62656K, reserved 1105920K
  class space    used 6134K, committed 6592K, reserved 1048576K
}
Event: 1161.761 GC heap before
{Heap before GC invocations=896 (full 731):
 PSYoungGen      total 60928K, used 44543K [0x00000000f5580000, 0x00000000fa200000, 0x0000000100000000)
  eden space 44544K, 99% used [0x00000000f5580000,0x00000000f80ffff8,0x00000000f8100000)
  from space 16384K, 0% used [0x00000000f8100000,0x00000000f8100000,0x00000000f9100000)
  to   space 16384K, 0% used [0x00000000f9100000,0x00000000f9100000,0x00000000fa100000)
 ParOldGen       total 349696K, used 349695K [0x00000000e0000000, 0x00000000f5580000, 0x00000000f5580000)
  object space 349696K, 99% used [0x00000000e0000000,0x00000000f557fc58,0x00000000f5580000)
 Metaspace       used 61457K, committed 62656K, reserved 1105920K
  class space    used 6134K, committed 6592K, reserved 1048576K
}
Event: 1163.411 GC heap after
{Heap after GC invocations=896 (full 731):
 PSYoungGen      total 60928K, used 44543K [0x00000000f5580000, 0x00000000fa200000, 0x0000000100000000)
  eden space 44544K, 99% used [0x00000000f5580000,0x00000000f80ffff8,0x00000000f8100000)
  from space 16384K, 0% used [0x00000000f9100000,0x00000000f9100000,0x00000000fa100000)
  to   space 16384K, 0% used [0x00000000f8100000,0x00000000f8100000,0x00000000f9100000)
 ParOldGen       total 349696K, used 349695K [0x00000000e0000000, 0x00000000f5580000, 0x00000000f5580000)
  object space 349696K, 99% used [0x00000000e0000000,0x00000000f557fc58,0x00000000f5580000)
 Metaspace       used 61457K, committed 62656K, reserved 1105920K
  class space    used 6134K, committed 6592K, reserved 1048576K
}
Event: 1163.411 GC heap before
{Heap before GC invocations=897 (full 732):
 PSYoungGen      total 60928K, used 44543K [0x00000000f5580000, 0x00000000fa200000, 0x0000000100000000)
  eden space 44544K, 99% used [0x00000000f5580000,0x00000000f80ffff8,0x00000000f8100000)
  from space 16384K, 0% used [0x00000000f9100000,0x00000000f9100000,0x00000000fa100000)
  to   space 16384K, 0% used [0x00000000f8100000,0x00000000f8100000,0x00000000f9100000)
 ParOldGen       total 349696K, used 349695K [0x00000000e0000000, 0x00000000f5580000, 0x00000000f5580000)
  object space 349696K, 99% used [0x00000000e0000000,0x00000000f557fff0,0x00000000f5580000)
 Metaspace       used 61457K, committed 62656K, reserved 1105920K
  class space    used 6134K, committed 6592K, reserved 1048576K
}
Event: 1165.059 GC heap after
{Heap after GC invocations=897 (full 732):
 PSYoungGen      total 60928K, used 44543K [0x00000000f5580000, 0x00000000fa200000, 0x0000000100000000)
  eden space 44544K, 99% used [0x00000000f5580000,0x00000000f80fffd8,0x00000000f8100000)
  from space 16384K, 0% used [0x00000000f8100000,0x00000000f8100000,0x00000000f9100000)
  to   space 16384K, 0% used [0x00000000f9100000,0x00000000f9100000,0x00000000fa100000)
 ParOldGen       total 349696K, used 349695K [0x00000000e0000000, 0x00000000f5580000, 0x00000000f5580000)
  object space 349696K, 99% used [0x00000000e0000000,0x00000000f557fc70,0x00000000f5580000)
 Metaspace       used 61457K, committed 62656K, reserved 1105920K
  class space    used 6134K, committed 6592K, reserved 1048576K
}
Event: 1165.059 GC heap before
{Heap before GC invocations=898 (full 733):
 PSYoungGen      total 60928K, used 44543K [0x00000000f5580000, 0x00000000fa200000, 0x0000000100000000)
  eden space 44544K, 99% used [0x00000000f5580000,0x00000000f80fffd8,0x00000000f8100000)
  from space 16384K, 0% used [0x00000000f8100000,0x00000000f8100000,0x00000000f9100000)
  to   space 16384K, 0% used [0x00000000f9100000,0x00000000f9100000,0x00000000fa100000)
 ParOldGen       total 349696K, used 349695K [0x00000000e0000000, 0x00000000f5580000, 0x00000000f5580000)
  object space 349696K, 99% used [0x00000000e0000000,0x00000000f557fc70,0x00000000f5580000)
 Metaspace       used 61457K, committed 62656K, reserved 1105920K
  class space    used 6134K, committed 6592K, reserved 1048576K
}
Event: 1166.639 GC heap after
{Heap after GC invocations=898 (full 733):
 PSYoungGen      total 60928K, used 44543K [0x00000000f5580000, 0x00000000fa200000, 0x0000000100000000)
  eden space 44544K, 99% used [0x00000000f5580000,0x00000000f80fffd8,0x00000000f8100000)
  from space 16384K, 0% used [0x00000000f9100000,0x00000000f9100000,0x00000000fa100000)
  to   space 16384K, 0% used [0x00000000f8100000,0x00000000f8100000,0x00000000f9100000)
 ParOldGen       total 349696K, used 349695K [0x00000000e0000000, 0x00000000f5580000, 0x00000000f5580000)
  object space 349696K, 99% used [0x00000000e0000000,0x00000000f557fc70,0x00000000f5580000)
 Metaspace       used 61457K, committed 62656K, reserved 1105920K
  class space    used 6134K, committed 6592K, reserved 1048576K
}

