# JRE version: OpenJDK Runtime Environment GraalVM CE 22.3.0 (17.0.5+8) (build 17.0.5+8-jvmci-22.3-b08)
# Java VM: OpenJDK 64-Bit Server VM GraalVM CE 22.3.0 (17.0.5+8-jvmci-22.3-b08, mixed mode, sharing, tiered, jvmci, jvmci compiler, compressed oops, compressed class ptrs, parallel gc, linux-amd64)
GC Precious Log:
 CPUs: 8 total, 1 available
 Memory: 1024M
 Large Page Support: Disabled
 NUMA Support: Disabled
 Compressed Oops: Enabled (32-bit)
 Alignments: Space 512K, Generation 512K, Heap 2M
 Heap Min Capacity: 100M
 Heap Initial Capacity: 100M
 Heap Max Capacity: 512M
 Pre-touch: Disabled
 Parallel Workers: 1
Heap:
 PSYoungGen      total 48128K, used 28671K [0x00000000f5580000, 0x00000000fc480000, 0x0000000100000000)
  eden space 28672K, 99% used [0x00000000f5580000,0x00000000f717fff8,0x00000000f7180000)
  from space 19456K, 0% used [0x00000000f9a80000,0x00000000f9a80000,0x00000000fad80000)
  to   space 41984K, 0% used [0x00000000f7180000,0x00000000f7180000,0x00000000f9a80000)
 ParOldGen       total 349696K, used 349695K [0x00000000e0000000, 0x00000000f5580000, 0x00000000f5580000)
  object space 349696K, 99% used [0x00000000e0000000,0x00000000f557ffb8,0x00000000f5580000)
 Metaspace       used 59595K, committed 60736K, reserved 1105920K
  class space    used 5930K, committed 6400K, reserved 1048576K
GC Heap History (20 events):
Event: 745.052 GC heap before
{Heap before GC invocations=619 (full 502):
 PSYoungGen      total 48128K, used 28672K [0x00000000f5580000, 0x00000000fc480000, 0x0000000100000000)
  eden space 28672K, 100% used [0x00000000f5580000,0x00000000f7180000,0x00000000f7180000)
  from space 19456K, 0% used [0x00000000f9a80000,0x00000000f9a80000,0x00000000fad80000)
  to   space 41984K, 0% used [0x00000000f7180000,0x00000000f7180000,0x00000000f9a80000)
 ParOldGen       total 349696K, used 349695K [0x00000000e0000000, 0x00000000f5580000, 0x00000000f5580000)
  object space 349696K, 99% used [0x00000000e0000000,0x00000000f557fff8,0x00000000f5580000)
 Metaspace       used 59595K, committed 60736K, reserved 1105920K
  class space    used 5930K, committed 6400K, reserved 1048576K
}
Event: 746.380 GC heap after
{Heap after GC invocations=619 (full 502):
 PSYoungGen      total 70656K, used 28671K [0x00000000f5580000, 0x00000000fc480000, 0x0000000100000000)
  eden space 28672K, 99% used [0x00000000f5580000,0x00000000f717ffa0,0x00000000f7180000)
  from space 41984K, 0% used [0x00000000f7180000,0x00000000f7180000,0x00000000f9a80000)
  to   space 19456K, 0% used [0x00000000f9a80000,0x00000000f9a80000,0x00000000fad80000)
 ParOldGen       total 349696K, used 349695K [0x00000000e0000000, 0x00000000f5580000, 0x00000000f5580000)
  object space 349696K, 99% used [0x00000000e0000000,0x00000000f557fc50,0x00000000f5580000)
 Metaspace       used 59595K, committed 60736K, reserved 1105920K
  class space    used 5930K, committed 6400K, reserved 1048576K
}
Event: 746.384 GC heap before
{Heap before GC invocations=620 (full 503):
 PSYoungGen      total 70656K, used 28671K [0x00000000f5580000, 0x00000000fc480000, 0x0000000100000000)
  eden space 28672K, 99% used [0x00000000f5580000,0x00000000f717ffd8,0x00000000f7180000)
  from space 41984K, 0% used [0x00000000f7180000,0x00000000f7180000,0x00000000f9a80000)
  to   space 19456K, 0% used [0x00000000f9a80000,0x00000000f9a80000,0x00000000fad80000)
 ParOldGen       total 349696K, used 349695K [0x00000000e0000000, 0x00000000f5580000, 0x00000000f5580000)
  object space 349696K, 99% used [0x00000000e0000000,0x00000000f557fc50,0x00000000f5580000)
 Metaspace       used 59595K, committed 60736K, reserved 1105920K
  class space    used 5930K, committed 6400K, reserved 1048576K
}
Event: 747.671 GC heap after
{Heap after GC invocations=620 (full 503):
 PSYoungGen      total 48128K, used 28671K [0x00000000f5580000, 0x00000000fc480000, 0x0000000100000000)
  eden space 28672K, 99% used [0x00000000f5580000,0x00000000f717ffd8,0x00000000f7180000)
  from space 19456K, 0% used [0x00000000f9a80000,0x00000000f9a80000,0x00000000fad80000)
  to   space 41984K, 0% used [0x00000000f7180000,0x00000000f7180000,0x00000000f9a80000)
 ParOldGen       total 349696K, used 349695K [0x00000000e0000000, 0x00000000f5580000, 0x00000000f5580000)
  object space 349696K, 99% used [0x00000000e0000000,0x00000000f557fc50,0x00000000f5580000)
 Metaspace       used 59595K, committed 60736K, reserved 1105920K
  class space    used 5930K, committed 6400K, reserved 1048576K
}
Event: 747.676 GC heap before
{Heap before GC invocations=621 (full 504):
 PSYoungGen      total 48128K, used 28672K [0x00000000f5580000, 0x00000000fc480000, 0x0000000100000000)
  eden space 28672K, 100% used [0x00000000f5580000,0x00000000f7180000,0x00000000f7180000)
  from space 19456K, 0% used [0x00000000f9a80000,0x00000000f9a80000,0x00000000fad80000)
  to   space 41984K, 0% used [0x00000000f7180000,0x00000000f7180000,0x00000000f9a80000)
 ParOldGen       total 349696K, used 349695K [0x00000000e0000000, 0x00000000f5580000, 0x00000000f5580000)
  object space 349696K, 99% used [0x00000000e0000000,0x00000000f557ffe0,0x00000000f5580000)
 Metaspace       used 59595K, committed 60736K, reserved 1105920K
  class space    used 5930K, committed 6400K, reserved 1048576K
}
Event: 748.917 GC heap after
{Heap after GC invocations=621 (full 504):
 PSYoungGen      total 70656K, used 28672K [0x00000000f5580000, 0x00000000fc480000, 0x0000000100000000)
  eden space 28672K, 100% used [0x00000000f5580000,0x00000000f7180000,0x00000000f7180000)
  from space 41984K, 0% used [0x00000000f7180000,0x00000000f7180000,0x00000000f9a80000)
  to   space 19456K, 0% used [0x00000000f9a80000,0x00000000f9a80000,0x00000000fad80000)
 ParOldGen       total 349696K, used 349695K [0x00000000e0000000, 0x00000000f5580000, 0x00000000f5580000)
  object space 349696K, 99% used [0x00000000e0000000,0x00000000f557ffe0,0x00000000f5580000)
 Metaspace       used 59595K, committed 60736K, reserved 1105920K
  class space    used 5930K, committed 6400K, reserved 1048576K
}
Event: 748.917 GC heap before
{Heap before GC invocations=622 (full 505):
 PSYoungGen      total 70656K, used 28672K [0x00000000f5580000, 0x00000000fc480000, 0x0000000100000000)
  eden space 28672K, 100% used [0x00000000f5580000,0x00000000f7180000,0x00000000f7180000)
  from space 41984K, 0% used [0x00000000f7180000,0x00000000f7180000,0x00000000f9a80000)
  to   space 19456K, 0% used [0x00000000f9a80000,0x00000000f9a80000,0x00000000fad80000)
 ParOldGen       total 349696K, used 349695K [0x00000000e0000000, 0x00000000f5580000, 0x00000000f5580000)
  object space 349696K, 99% used [0x00000000e0000000,0x00000000f557ffe0,0x00000000f5580000)
 Metaspace       used 59595K, committed 60736K, reserved 1105920K
  class space    used 5930K, committed 6400K, reserved 1048576K
}
Event: 750.170 GC heap after
{Heap after GC invocations=622 (full 505):
 PSYoungGen      total 48128K, used 28672K [0x00000000f5580000, 0x00000000fc480000, 0x0000000100000000)
  eden space 28672K, 100% used [0x00000000f5580000,0x00000000f7180000,0x00000000f7180000)
  from space 19456K, 0% used [0x00000000f9a80000,0x00000000f9a80000,0x00000000fad80000)
  to   space 41984K, 0% used [0x00000000f7180000,0x00000000f7180000,0x00000000f9a80000)
 ParOldGen       total 349696K, used 349689K [0x00000000e0000000, 0x00000000f5580000, 0x00000000f5580000)
  object space 349696K, 99% used [0x00000000e0000000,0x00000000f557e7a0,0x00000000f5580000)
 Metaspace       used 59595K, committed 60736K, reserved 1105920K
  class space    used 5930K, committed 6400K, reserved 1048576K
}
Event: 750.170 GC heap before
{Heap before GC invocations=623 (full 506):
 PSYoungGen      total 48128K, used 28672K [0x00000000f5580000, 0x00000000fc480000, 0x0000000100000000)
  eden space 28672K, 100% used [0x00000000f5580000,0x00000000f7180000,0x00000000f7180000)
  from space 19456K, 0% used [0x00000000f9a80000,0x00000000f9a80000,0x00000000fad80000)
  to   space 41984K, 0% used [0x00000000f7180000,0x00000000f7180000,0x00000000f9a80000)
 ParOldGen       total 349696K, used 349692K [0x00000000e0000000, 0x00000000f5580000, 0x00000000f5580000)
  object space 349696K, 99% used [0x00000000e0000000,0x00000000f557f218,0x00000000f5580000)
 Metaspace       used 59595K, committed 60736K, reserved 1105920K
  class space    used 5930K, committed 6400K, reserved 1048576K
}
Event: 751.518 GC heap after
{Heap after GC invocations=623 (full 506):
 PSYoungGen      total 70656K, used 28671K [0x00000000f5580000, 0x00000000fc480000, 0x0000000100000000)
  eden space 28672K, 99% used [0x00000000f5580000,0x00000000f717fdf0,0x00000000f7180000)
  from space 41984K, 0% used [0x00000000f7180000,0x00000000f7180000,0x00000000f9a80000)
  to   space 19456K, 0% used [0x00000000f9a80000,0x00000000f9a80000,0x00000000fad80000)
 ParOldGen       total 349696K, used 349691K [0x00000000e0000000, 0x00000000f5580000, 0x00000000f5580000)
  object space 349696K, 99% used [0x00000000e0000000,0x00000000f557edd0,0x00000000f5580000)
 Metaspace       used 59595K, committed 60736K, reserved 1105920K
  class space    used 5930K, committed 6400K, reserved 1048576K
}
Event: 751.567 GC heap before
{Heap before GC invocations=624 (full 507):
 PSYoungGen      total 70656K, used 28671K [0x00000000f5580000, 0x00000000fc480000, 0x0000000100000000)
  eden space 28672K, 99% used [0x00000000f5580000,0x00000000f717fff8,0x00000000f7180000)
  from space 41984K, 0% used [0x00000000f7180000,0x00000000f7180000,0x00000000f9a80000)
  to   space 19456K, 0% used [0x00000000f9a80000,0x00000000f9a80000,0x00000000fad80000)
 ParOldGen       total 349696K, used 349691K [0x00000000e0000000, 0x00000000f5580000, 0x00000000f5580000)
  object space 349696K, 99% used [0x00000000e0000000,0x00000000f557edd0,0x00000000f5580000)
 Metaspace       used 59595K, committed 60736K, reserved 1105920K
  class space    used 5930K, committed 6400K, reserved 1048576K
}
Event: 752.870 GC heap after
{Heap after GC invocations=624 (full 507):
 PSYoungGen      total 48128K, used 28671K [0x00000000f5580000, 0x00000000fc480000, 0x0000000100000000)
  eden space 28672K, 99% used [0x00000000f5580000,0x00000000f717fff8,0x00000000f7180000)
  from space 19456K, 0% used [0x00000000f9a80000,0x00000000f9a80000,0x00000000fad80000)
  to   space 41984K, 0% used [0x00000000f7180000,0x00000000f7180000,0x00000000f9a80000)
 ParOldGen       total 349696K, used 349691K [0x00000000e0000000, 0x00000000f5580000, 0x00000000f5580000)
  object space 349696K, 99% used [0x00000000e0000000,0x00000000f557edd0,0x00000000f5580000)
 Metaspace       used 59595K, committed 60736K, reserved 1105920K
  class space    used 5930K, committed 6400K, reserved 1048576K
}
Event: 752.870 GC heap before
{Heap before GC invocations=625 (full 508):
 PSYoungGen      total 48128K, used 28671K [0x00000000f5580000, 0x00000000fc480000, 0x0000000100000000)
  eden space 28672K, 99% used [0x00000000f5580000,0x00000000f717fff8,0x00000000f7180000)
  from space 19456K, 0% used [0x00000000f9a80000,0x00000000f9a80000,0x00000000fad80000)
  to   space 41984K, 0% used [0x00000000f7180000,0x00000000f7180000,0x00000000f9a80000)
 ParOldGen       total 349696K, used 349693K [0x00000000e0000000, 0x00000000f5580000, 0x00000000f5580000)
  object space 349696K, 99% used [0x00000000e0000000,0x00000000f557f6d8,0x00000000f5580000)
 Metaspace       used 59595K, committed 60736K, reserved 1105920K
  class space    used 5930K, committed 6400K, reserved 1048576K
}
Event: 754.115 GC heap after
{Heap after GC invocations=625 (full 508):
 PSYoungGen      total 70656K, used 28671K [0x00000000f5580000, 0x00000000fc480000, 0x0000000100000000)
  eden space 28672K, 99% used [0x00000000f5580000,0x00000000f717fed8,0x00000000f7180000)
  from space 41984K, 0% used [0x00000000f7180000,0x00000000f7180000,0x00000000f9a80000)
  to   space 19456K, 0% used [0x00000000f9a80000,0x00000000f9a80000,0x00000000fad80000)
 ParOldGen       total 349696K, used 349693K [0x00000000e0000000, 0x00000000f5580000, 0x00000000f5580000)
  object space 349696K, 99% used [0x00000000e0000000,0x00000000f557f5e0,0x00000000f5580000)
 Metaspace       used 59595K, committed 60736K, reserved 1105920K
  class space    used 5930K, committed 6400K, reserved 1048576K
}
Event: 754.115 GC heap before
{Heap before GC invocations=626 (full 509):
 PSYoungGen      total 70656K, used 28671K [0x00000000f5580000, 0x00000000fc480000, 0x0000000100000000)
  eden space 28672K, 99% used [0x00000000f5580000,0x00000000f717fff8,0x00000000f7180000)
  from space 41984K, 0% used [0x00000000f7180000,0x00000000f7180000,0x00000000f9a80000)
  to   space 19456K, 0% used [0x00000000f9a80000,0x00000000f9a80000,0x00000000fad80000)
 ParOldGen       total 349696K, used 349693K [0x00000000e0000000, 0x00000000f5580000, 0x00000000f5580000)
  object space 349696K, 99% used [0x00000000e0000000,0x00000000f557f5e0,0x00000000f5580000)
 Metaspace       used 59595K, committed 60736K, reserved 1105920K
  class space    used 5930K, committed 6400K, reserved 1048576K
}
Event: 756.605 GC heap after
{Heap after GC invocations=626 (full 509):
 PSYoungGen      total 48128K, used 28671K [0x00000000f5580000, 0x00000000fc480000, 0x0000000100000000)
  eden space 28672K, 99% used [0x00000000f5580000,0x00000000f717fff8,0x00000000f7180000)
  from space 19456K, 0% used [0x00000000f9a80000,0x00000000f9a80000,0x00000000fad80000)
  to   space 41984K, 0% used [0x00000000f7180000,0x00000000f7180000,0x00000000f9a80000)
 ParOldGen       total 349696K, used 349693K [0x00000000e0000000, 0x00000000f5580000, 0x00000000f5580000)
  object space 349696K, 99% used [0x00000000e0000000,0x00000000f557f5b0,0x00000000f5580000)
 Metaspace       used 59595K, committed 60736K, reserved 1105920K
  class space    used 5930K, committed 6400K, reserved 1048576K
}
Event: 756.605 GC heap before
{Heap before GC invocations=627 (full 510):
 PSYoungGen      total 48128K, used 28671K [0x00000000f5580000, 0x00000000fc480000, 0x0000000100000000)
  eden space 28672K, 99% used [0x00000000f5580000,0x00000000f717fff8,0x00000000f7180000)
  from space 19456K, 0% used [0x00000000f9a80000,0x00000000f9a80000,0x00000000fad80000)
  to   space 41984K, 0% used [0x00000000f7180000,0x00000000f7180000,0x00000000f9a80000)
 ParOldGen       total 349696K, used 349693K [0x00000000e0000000, 0x00000000f5580000, 0x00000000f5580000)
  object space 349696K, 99% used [0x00000000e0000000,0x00000000f557f768,0x00000000f5580000)
 Metaspace       used 59595K, committed 60736K, reserved 1105920K
  class space    used 5930K, committed 6400K, reserved 1048576K
}
Event: 759.890 GC heap after
{Heap after GC invocations=627 (full 510):
 PSYoungGen      total 70656K, used 28671K [0x00000000f5580000, 0x00000000fc480000, 0x0000000100000000)
  eden space 28672K, 99% used [0x00000000f5580000,0x00000000f717fff8,0x00000000f7180000)
  from space 41984K, 0% used [0x00000000f7180000,0x00000000f7180000,0x00000000f9a80000)
  to   space 19456K, 0% used [0x00000000f9a80000,0x00000000f9a80000,0x00000000fad80000)
 ParOldGen       total 349696K, used 349693K [0x00000000e0000000, 0x00000000f5580000, 0x00000000f5580000)
  object space 349696K, 99% used [0x00000000e0000000,0x00000000f557f688,0x00000000f5580000)
 Metaspace       used 59595K, committed 60736K, reserved 1105920K
  class space    used 5930K, committed 6400K, reserved 1048576K
}
Event: 759.890 GC heap before
{Heap before GC invocations=628 (full 511):
 PSYoungGen      total 70656K, used 28671K [0x00000000f5580000, 0x00000000fc480000, 0x0000000100000000)
  eden space 28672K, 99% used [0x00000000f5580000,0x00000000f717fff8,0x00000000f7180000)
  from space 41984K, 0% used [0x00000000f7180000,0x00000000f7180000,0x00000000f9a80000)
  to   space 19456K, 0% used [0x00000000f9a80000,0x00000000f9a80000,0x00000000fad80000)
 ParOldGen       total 349696K, used 349693K [0x00000000e0000000, 0x00000000f5580000, 0x00000000f5580000)
  object space 349696K, 99% used [0x00000000e0000000,0x00000000f557f688,0x00000000f5580000)
 Metaspace       used 59595K, committed 60736K, reserved 1105920K
  class space    used 5930K, committed 6400K, reserved 1048576K
}
Event: 764.595 GC heap after
{Heap after GC invocations=628 (full 511):
 PSYoungGen      total 48128K, used 28671K [0x00000000f5580000, 0x00000000fc480000, 0x0000000100000000)
  eden space 28672K, 99% used [0x00000000f5580000,0x00000000f717fff8,0x00000000f7180000)
  from space 19456K, 0% used [0x00000000f9a80000,0x00000000f9a80000,0x00000000fad80000)
  to   space 41984K, 0% used [0x00000000f7180000,0x00000000f7180000,0x00000000f9a80000)
 ParOldGen       total 349696K, used 349693K [0x00000000e0000000, 0x00000000f5580000, 0x00000000f5580000)
  object space 349696K, 99% used [0x00000000e0000000,0x00000000f557f688,0x00000000f5580000)
 Metaspace       used 59595K, committed 60736K, reserved 1105920K
  class space    used 5930K, committed 6400K, reserved 1048576K
}

